2019-12-16 19:53:34, [INFO] root, Back Up Started...
2019-12-16 19:53:34, [INFO] root, Connecting to database nova.
2019-12-16 19:53:34, [INFO] root, Validating time, checking data dates.
2019-12-16 19:53:35, [INFO] root, Back Up Complete.
2019-12-16 20:26:28, [INFO] root, Back Up Started...
2019-12-16 20:26:28, [INFO] root, Connecting to database nova.
2019-12-16 20:26:28, [INFO] root, Validating time, checking data dates.
2019-12-16 20:26:28, [INFO] root, Back Up Complete.
2019-12-18 21:35:02, [INFO] root, Back Up Started...
2019-12-18 21:35:02, [INFO] root, Connecting to database nova.
2019-12-18 21:35:02, [INFO] root, Validating time, checking data dates.
2019-12-18 21:35:02, [INFO] root, 20191202_data Table does not exist, creating table.
2019-12-18 21:35:03, [INFO] root, 20191201_data Table does not exist, creating table.
2019-12-18 21:35:03, [INFO] root, 20191204_data Table does not exist, creating table.
2019-12-18 21:35:03, [INFO] root, 20191205_data Table does not exist, creating table.
2019-12-18 21:35:04, [INFO] root, 20191203_data Table does not exist, creating table.
2019-12-18 21:35:12, [INFO] root, Back Up Complete.
2019-12-18 21:38:50, [INFO] root, Back Up Started...
2019-12-18 21:38:50, [INFO] root, Connecting to database nova.
2019-12-18 21:38:50, [INFO] root, Validating time, checking data dates.
2019-12-18 21:38:54, [INFO] root, Back Up Complete.
